<?xml version="1.0" encoding="UTF-8"?>
<!-- Generated by org.testng.reporters.JUnitXMLReporter -->
<testsuite hostname="murah-X450LCP" ignored="0" name="Test" tests="2" failures="1" timestamp="04 jun 2018 18:54:37 GMT" time="16.656" errors="0">
  <testcase name="logar" time="0.121" classname="br.com.murah.audixpress.teste.TesteLogin">
    <failure type="org.openqa.selenium.NoSuchElementException" message="Unable to locate element: *[name=&amp;apos;j_username&amp;apos;]
For documentation on this error, please visit: http://seleniumhq.org/exceptions/no_such_element.html
Build info: version: &amp;apos;3.4.0&amp;apos;, revision: &amp;apos;unknown&amp;apos;, time: &amp;apos;unknown&amp;apos;
System info: host: &amp;apos;murah-X450LCP&amp;apos;, ip: &amp;apos;127.0.1.1&amp;apos;, os.name: &amp;apos;Linux&amp;apos;, os.arch: &amp;apos;amd64&amp;apos;, os.version: &amp;apos;4.13.0-43-generic&amp;apos;, java.version: &amp;apos;1.8.0_112&amp;apos;
Driver info: org.openqa.selenium.firefox.FirefoxDriver
Capabilities [{moz:profile=/tmp/rust_mozprofile.QwMqHxhum0mv, rotatable=false, timeouts={implicit=0.0, pageLoad=300000.0, script=30000.0}, pageLoadStrategy=normal, moz:headless=false, platform=ANY, moz:accessibilityChecks=false, moz:useNonSpecCompliantPointerOrigin=false, acceptInsecureCerts=false, browserVersion=60.0.1, platformVersion=4.13.0-43-generic, moz:processID=2885.0, browserName=firefox, javascriptEnabled=true, platformName=linux, moz:webdriverClick=true}]
Session ID: d0798801-8acb-4df3-be9a-3efe804b3f5b
*** Element info: {Using=name, value=j_username}">
      <![CDATA[org.openqa.selenium.NoSuchElementException: Unable to locate element: *[name='j_username']For documentation on this error, please visit: http://seleniumhq.org/exceptions/no_such_element.htmlBuild info: version: '3.4.0', revision: 'unknown', time: 'unknown'System info: host: 'murah-X450LCP', ip: '127.0.1.1', os.name: 'Linux', os.arch: 'amd64', os.version: '4.13.0-43-generic', java.version: '1.8.0_112'Driver info: org.openqa.selenium.firefox.FirefoxDriverCapabilities [{moz:profile=/tmp/rust_mozprofile.QwMqHxhum0mv, rotatable=false, timeouts={implicit=0.0, pageLoad=300000.0, script=30000.0}, pageLoadStrategy=normal, moz:headless=false, platform=ANY, moz:accessibilityChecks=false, moz:useNonSpecCompliantPointerOrigin=false, acceptInsecureCerts=false, browserVersion=60.0.1, platformVersion=4.13.0-43-generic, moz:processID=2885.0, browserName=firefox, javascriptEnabled=true, platformName=linux, moz:webdriverClick=true}]Session ID: d0798801-8acb-4df3-be9a-3efe804b3f5b*** Element info: {Using=name, value=j_username}at org.openqa.selenium.remote.http.W3CHttpResponseCodec.createException(W3CHttpResponseCodec.java:150)at org.openqa.selenium.remote.http.W3CHttpResponseCodec.decode(W3CHttpResponseCodec.java:115)at org.openqa.selenium.remote.http.W3CHttpResponseCodec.decode(W3CHttpResponseCodec.java:45)at org.openqa.selenium.remote.HttpCommandExecutor.execute(HttpCommandExecutor.java:164)at org.openqa.selenium.remote.service.DriverCommandExecutor.execute(DriverCommandExecutor.java:82)at org.openqa.selenium.remote.RemoteWebDriver.execute(RemoteWebDriver.java:637)at org.openqa.selenium.remote.RemoteWebDriver.findElement(RemoteWebDriver.java:410)at org.openqa.selenium.remote.RemoteWebDriver.findElementByName(RemoteWebDriver.java:485)at org.openqa.selenium.By$ByName.findElement(By.java:303)at org.openqa.selenium.remote.RemoteWebDriver.findElement(RemoteWebDriver.java:402)at br.com.murah.audixpress.core.LoginPage.setLogin(LoginPage.java:21)at br.com.murah.audixpress.teste.TesteLogin.logar(TesteLogin.java:38)... Removed 29 stack frames]]>
    </failure>
  </testcase> <!-- logar -->
  <testcase name="logar" time="5.002" classname="br.com.murah.audixpress.teste.TesteRisco"/>
</testsuite> <!-- Test -->
